TN:
SF:src/core.ts
FN:2,__name
FN:32,debugLog
FN:37,getNetworkConfig
FN:45,anonymous_3
FN:47,anonymous_4
FN:51,anonymous_5
FN:55,anonymous_6
FN:67,anonymous_7
FN:78,anonymous_8
FN:90,anonymous_9
FN:97,buildWithdrawalCredentials
FN:108,generateValidatorKeys
FN:130,getValidatorInfo
FN:143,computeDepositDataRoot
FN:186,generateDepositData
FN:216,verifyDepositData
FNDA:15,__name
FNDA:11,debugLog
FNDA:4,getNetworkConfig
FNDA:4,anonymous_3
FNDA:3,anonymous_4
FNDA:8,anonymous_5
FNDA:60,anonymous_6
FNDA:1045,anonymous_7
FNDA:78,anonymous_8
FNDA:56,anonymous_9
FNDA:3,buildWithdrawalCredentials
FNDA:0,generateValidatorKeys
FNDA:0,getValidatorInfo
FNDA:5,computeDepositDataRoot
FNDA:0,generateDepositData
FNDA:1,verifyDepositData
FNF:16
FNH:13
BRDA:1,0,0,1
BRDA:2,1,0,15
BRDA:32,2,0,11
BRDA:36,3,0,10
BRDA:37,4,0,4
BRDA:41,5,0,1
BRDA:43,6,0,3
BRDA:45,7,0,4
BRDA:47,8,0,3
BRDA:51,9,0,8
BRDA:55,10,0,4
BRDA:55,11,0,1
BRDA:59,12,0,3
BRDA:60,13,0,60
BRDA:62,14,0,3
BRDA:67,15,0,21
BRDA:69,16,0,17
BRDA:73,17,0,2
BRDA:73,18,0,19
BRDA:73,19,0,1
BRDA:75,20,0,19
BRDA:76,21,0,1045
BRDA:77,22,0,19
BRDA:78,23,0,38
BRDA:84,24,0,78
BRDA:90,25,0,7
BRDA:92,26,0,56
BRDA:97,27,0,3
BRDA:98,28,0,1
BRDA:101,29,0,2
BRDA:101,30,0,1
BRDA:106,31,0,2
BRDA:143,32,0,5
BRDA:154,33,0,3
BRDA:154,34,0,2
BRDA:216,35,0,1
BRDA:257,36,0,0
BRF:37
BRH:36
DA:1,1
DA:2,1
DA:3,15
DA:4,15
DA:5,15
DA:6,1
DA:7,1
DA:8,1
DA:9,1
DA:10,1
DA:11,1
DA:12,1
DA:13,1
DA:14,1
DA:15,1
DA:16,1
DA:17,1
DA:18,1
DA:19,1
DA:20,1
DA:21,1
DA:22,1
DA:23,1
DA:24,1
DA:25,1
DA:26,1
DA:27,1
DA:28,1
DA:29,1
DA:30,1
DA:31,1
DA:32,1
DA:33,11
DA:34,11
DA:35,11
DA:36,1
DA:37,1
DA:38,4
DA:39,4
DA:40,4
DA:41,4
DA:42,1
DA:43,4
DA:44,1
DA:45,1
DA:46,1
DA:47,1
DA:48,3
DA:49,3
DA:50,1
DA:51,1
DA:52,1
DA:53,1
DA:54,1
DA:55,1
DA:56,1
DA:57,1
DA:58,1
DA:59,4
DA:60,4
DA:61,60
DA:62,4
DA:63,1
DA:64,1
DA:65,1
DA:66,1
DA:67,1
DA:68,21
DA:69,21
DA:70,21
DA:71,21
DA:72,21
DA:73,21
DA:74,1
DA:75,21
DA:76,21
DA:77,21
DA:78,1
DA:79,38
DA:80,38
DA:81,38
DA:82,38
DA:83,38
DA:84,38
DA:85,38
DA:86,1
DA:87,1
DA:88,1
DA:89,1
DA:90,1
DA:91,7
DA:92,7
DA:93,56
DA:94,56
DA:95,1
DA:96,1
DA:97,1
DA:98,3
DA:99,1
DA:100,1
DA:101,3
DA:102,1
DA:103,1
DA:104,1
DA:105,1
DA:106,1
DA:107,1
DA:108,1
DA:109,0
DA:110,0
DA:111,0
DA:112,0
DA:113,0
DA:114,0
DA:115,0
DA:116,0
DA:117,0
DA:118,0
DA:119,0
DA:120,0
DA:121,0
DA:122,0
DA:123,0
DA:124,0
DA:125,0
DA:126,0
DA:127,1
DA:128,1
DA:129,1
DA:130,1
DA:131,0
DA:132,0
DA:133,0
DA:134,0
DA:135,0
DA:136,0
DA:137,0
DA:138,0
DA:139,0
DA:140,0
DA:141,0
DA:142,1
DA:143,1
DA:144,5
DA:145,5
DA:146,5
DA:147,5
DA:148,5
DA:149,5
DA:150,5
DA:151,5
DA:152,5
DA:153,5
DA:154,5
DA:155,5
DA:156,5
DA:157,5
DA:158,5
DA:159,5
DA:160,5
DA:161,5
DA:162,5
DA:163,5
DA:164,5
DA:165,5
DA:166,5
DA:167,5
DA:168,5
DA:169,5
DA:170,5
DA:171,5
DA:172,5
DA:173,5
DA:174,5
DA:175,5
DA:176,5
DA:177,5
DA:178,5
DA:179,5
DA:180,5
DA:181,5
DA:182,1
DA:183,1
DA:184,1
DA:185,1
DA:186,1
DA:187,0
DA:188,0
DA:189,0
DA:190,0
DA:191,0
DA:192,0
DA:193,0
DA:194,0
DA:195,0
DA:196,0
DA:197,0
DA:198,0
DA:199,0
DA:200,0
DA:201,0
DA:202,0
DA:203,0
DA:204,0
DA:205,0
DA:206,0
DA:207,0
DA:208,0
DA:209,0
DA:210,0
DA:211,1
DA:212,1
DA:213,1
DA:214,1
DA:215,1
DA:216,1
DA:217,1
DA:218,1
DA:219,1
DA:220,1
DA:221,1
DA:222,1
DA:223,1
DA:224,1
DA:225,1
DA:226,1
DA:227,1
DA:228,1
DA:229,1
DA:230,1
DA:231,1
DA:232,1
DA:233,1
DA:234,1
DA:235,1
DA:236,1
DA:237,1
DA:238,1
DA:239,1
DA:240,1
DA:241,1
DA:242,1
DA:243,1
DA:244,1
DA:245,1
DA:246,1
DA:247,1
DA:248,1
DA:249,1
DA:250,1
DA:251,1
DA:252,1
DA:253,1
DA:254,1
DA:255,1
DA:256,1
DA:257,1
DA:258,0
DA:259,0
DA:260,0
DA:261,0
DA:262,0
DA:263,0
DA:264,0
DA:265,0
DA:266,0
DA:267,0
DA:268,0
DA:269,0
DA:270,0
DA:271,0
DA:272,1
DA:273,1
DA:274,1
DA:275,1
DA:276,1
DA:277,1
DA:278,1
DA:279,1
DA:280,1
DA:281,1
DA:282,1
DA:283,1
DA:284,1
DA:285,1
DA:286,1
DA:287,1
DA:288,1
DA:289,1
DA:290,1
DA:291,1
DA:292,1
DA:293,1
DA:294,1
DA:295,1
DA:296,1
DA:297,1
DA:298,1
DA:299,1
DA:300,1
DA:301,1
DA:302,1
DA:303,1
DA:304,1
DA:305,1
DA:306,1
DA:307,1
DA:308,1
DA:309,1
DA:310,1
DA:311,1
DA:312,1
DA:313,1
DA:314,1
DA:315,1
DA:316,1
DA:317,1
DA:318,1
DA:319,1
DA:320,1
DA:321,1
DA:322,1
DA:323,1
DA:324,1
DA:325,1
DA:326,1
DA:327,1
DA:328,1
DA:329,1
DA:330,1
DA:331,1
DA:332,1
DA:333,1
DA:334,1
DA:335,1
DA:336,1
DA:337,1
DA:338,1
DA:339,1
DA:340,1
DA:341,1
DA:342,1
DA:343,1
DA:344,1
DA:345,1
DA:346,1
DA:347,1
DA:348,1
DA:349,1
DA:350,1
DA:351,1
DA:352,1
DA:353,1
DA:354,1
DA:355,1
DA:356,1
DA:357,1
DA:358,1
DA:359,1
DA:360,1
DA:361,1
DA:362,1
DA:363,1
DA:364,1
DA:365,1
DA:366,1
DA:367,1
DA:368,1
DA:369,1
DA:370,1
DA:371,1
DA:372,1
DA:373,1
DA:374,1
DA:375,1
DA:376,1
DA:377,1
DA:378,1
DA:379,1
DA:380,1
DA:381,1
DA:382,1
DA:383,1
DA:384,1
DA:385,1
DA:386,1
DA:387,1
DA:388,1
DA:389,1
DA:390,1
DA:391,1
DA:392,1
DA:393,1
LH:326
LF:393
end_of_record
